gyp info it worked if it ends with ok
gyp info using node-gyp@10.2.0
gyp info using node@20.16.0 | darwin | arm64
gyp info find Python using Python version 3.10.14 found at "/Users/abdulrauf/.pyenv/versions/3.10.14/bin/python3"
gyp info spawn /Users/abdulrauf/.pyenv/versions/3.10.14/bin/python3
gyp info spawn args [
gyp info spawn args '/Users/abdulrauf/.nvm/versions/node/v20.16.0/lib/node_modules/npm/node_modules/node-gyp/gyp/gyp_main.py',
gyp info spawn args 'binding.gyp',
gyp info spawn args '-f',
gyp info spawn args 'make',
gyp info spawn args '-I',
gyp info spawn args '/Users/abdulrauf/JSLess/Servers/Mal-Server/node_modules/websocket/build/config.gypi',
gyp info spawn args '-I',
gyp info spawn args '/Users/abdulrauf/.nvm/versions/node/v20.16.0/lib/node_modules/npm/node_modules/node-gyp/addon.gypi',
gyp info spawn args '-I',
gyp info spawn args '/Users/abdulrauf/Library/Caches/node-gyp/20.16.0/include/node/common.gypi',
gyp info spawn args '-Dlibrary=shared_library',
gyp info spawn args '-Dvisibility=default',
gyp info spawn args '-Dnode_root_dir=/Users/abdulrauf/Library/Caches/node-gyp/20.16.0',
gyp info spawn args '-Dnode_gyp_dir=/Users/abdulrauf/.nvm/versions/node/v20.16.0/lib/node_modules/npm/node_modules/node-gyp',
gyp info spawn args '-Dnode_lib_file=/Users/abdulrauf/Library/Caches/node-gyp/20.16.0/<(target_arch)/node.lib',
gyp info spawn args '-Dmodule_root_dir=/Users/abdulrauf/JSLess/Servers/Mal-Server/node_modules/websocket',
gyp info spawn args '-Dnode_engine=v8',
gyp info spawn args '--depth=.',
gyp info spawn args '--no-parallel',
gyp info spawn args '--generator-output',
gyp info spawn args 'build',
gyp info spawn args '-Goutput_dir=.'
gyp info spawn args ]
gyp info spawn make
gyp info spawn args [ 'BUILDTYPE=Release', '-C', 'build' ]
In file included from ../src/bufferutil.cc:17:
In file included from ../../nan/nan.h:172:
../../nan/nan_callbacks.h:55:23: error: no member named 'AccessorSignature' in namespace 'v8'
   55 | typedef v8::Local<v8::AccessorSignature> Sig;
      |                   ~~~~^
In file included from ../src/bufferutil.cc:17:
In file included from ../../nan/nan.h:221:
In file included from ../../nan/nan_converters.h:67:
../../nan/nan_converters_43_inl.h:22:1: error: no viable conversion from 'Local<Context>' to 'Isolate *'
   22 | X(Boolean)
      | ^~~~~~~~~~
../../nan/nan_converters_43_inl.h:18:23: note: expanded from macro 'X'
   18 |       val->To ## TYPE(isolate->GetCurrentContext())                            \
      |                       ^~~~~~~~~~~~~~~~~~~~~~~~~~~~
/Users/abdulrauf/Library/Caches/node-gyp/20.16.0/include/node/v8-value.h:408:37: note: passing argument to parameter 'isolate' here
  408 |   Local<Boolean> ToBoolean(Isolate* isolate) const;
      |                                     ^
In file included from ../src/bufferutil.cc:17:
In file included from ../../nan/nan.h:221:
In file included from ../../nan/nan_converters.h:67:
../../nan/nan_converters_43_inl.h:22:1: error: no member named 'FromMaybe' in 'v8::Local<v8::Boolean>'
   22 | X(Boolean)
      | ^~~~~~~~~~
../../nan/nan_converters_43_inl.h:19:12: note: expanded from macro 'X'
   18 |       val->To ## TYPE(isolate->GetCurrentContext())                            \
      |       ~~~~~~~~~~~~~~~~~~~~~~~~~~~~~~~~~~~~~~~~~~~~~
   19 |           .FromMaybe(v8::Local<v8::TYPE>()));                                  \
      |            ^
../../nan/nan_converters_43_inl.h:40:1: error: no viable conversion from 'Local<Context>' to 'Isolate *'
   40 | X(bool, Boolean)
      | ^~~~~~~~~~~~~~~~
../../nan/nan_converters_43_inl.h:37:29: note: expanded from macro 'X'
   37 |   return val->NAME ## Value(isolate->GetCurrentContext());                     \
      |                             ^~~~~~~~~~~~~~~~~~~~~~~~~~~~
/Users/abdulrauf/Library/Caches/node-gyp/20.16.0/include/node/v8-value.h:418:30: note: passing argument to parameter 'isolate' here
  418 |   bool BooleanValue(Isolate* isolate) const;
      |                              ^
In file included from ../src/bufferutil.cc:17:
In file included from ../../nan/nan.h:221:
In file included from ../../nan/nan_converters.h:67:
../../nan/nan_converters_43_inl.h:40:1: error: no viable conversion from returned value of type 'bool' to function return type 'imp::ToFactory<bool>::return_t' (aka 'Maybe<bool>')
   40 | X(bool, Boolean)
      | ^~~~~~~~~~~~~~~~
../../nan/nan_converters_43_inl.h:37:10: note: expanded from macro 'X'
   37 |   return val->NAME ## Value(isolate->GetCurrentContext());                     \
      |          ^~~~~~~~~~~~~~~~~~~~~~~~~~~~~~~~~~~~~~~~~~~~~~~~
/Users/abdulrauf/Library/Caches/node-gyp/20.16.0/include/node/v8-maybe.h:32:7: note: candidate constructor (the implicit copy constructor) not viable: no known conversion from 'bool' to 'const Maybe<bool> &' for 1st argument
   32 | class Maybe {
      |       ^~~~~
/Users/abdulrauf/Library/Caches/node-gyp/20.16.0/include/node/v8-maybe.h:32:7: note: candidate constructor (the implicit move constructor) not viable: no known conversion from 'bool' to 'Maybe<bool> &&' for 1st argument
   32 | class Maybe {
      |       ^~~~~
/Users/abdulrauf/Library/Caches/node-gyp/20.16.0/include/node/v8-maybe.h:96:12: note: explicit constructor is not a candidate
   96 |   explicit Maybe(const T& t) : has_value_(true), value_(t) {}
      |            ^
/Users/abdulrauf/Library/Caches/node-gyp/20.16.0/include/node/v8-maybe.h:97:12: note: explicit constructor is not a candidate
   97 |   explicit Maybe(T&& t) : has_value_(true), value_(std::move(t)) {}
      |            ^
In file included from ../src/bufferutil.cc:17:
In file included from ../../nan/nan.h:222:
In file included from ../../nan/nan_new.h:189:
../../nan/nan_implementation_12_inl.h:103:42: error: no viable conversion from 'v8::Isolate *' to 'Local<Context>'
  103 |   return scope.Escape(v8::Function::New( isolate
      |                                          ^~~~~~~
/Users/abdulrauf/Library/Caches/node-gyp/20.16.0/include/node/v8-local-handle.h:190:7: note: candidate constructor (the implicit copy constructor) not viable: no known conversion from 'v8::Isolate *' to 'const Local<Context> &' for 1st argument
  190 | class Local {
      |       ^~~~~
/Users/abdulrauf/Library/Caches/node-gyp/20.16.0/include/node/v8-local-handle.h:190:7: note: candidate constructor (the implicit move constructor) not viable: no known conversion from 'v8::Isolate *' to 'Local<Context> &&' for 1st argument
  190 | class Local {
      |       ^~~~~
/Users/abdulrauf/Library/Caches/node-gyp/20.16.0/include/node/v8-local-handle.h:195:13: note: candidate template ignored: could not match 'Local<S>' against 'v8::Isolate *'
  195 |   V8_INLINE Local(Local<S> that) : val_(reinterpret_cast<T*>(*that)) {
      |             ^
/Users/abdulrauf/Library/Caches/node-gyp/20.16.0/include/node/v8-local-handle.h:331:22: note: explicit constructor is not a candidate
  331 |   explicit V8_INLINE Local(T* that) : val_(that) {}
      |                      ^
/Users/abdulrauf/Library/Caches/node-gyp/20.16.0/include/node/v8-function.h:33:22: note: passing argument to parameter 'context' here
   33 |       Local<Context> context, FunctionCallback callback,
      |                      ^
In file included from ../src/bufferutil.cc:17:
../../nan/nan.h:1064:53: error: no viable conversion from 'Isolate *' to 'Local<Context>'
 1064 |       v8::Local<v8::String> string = from->ToString(v8::Isolate::GetCurrent());
      |                                                     ^~~~~~~~~~~~~~~~~~~~~~~~~
/Users/abdulrauf/Library/Caches/node-gyp/20.16.0/include/node/v8-local-handle.h:190:7: note: candidate constructor (the implicit copy constructor) not viable: no known conversion from 'Isolate *' to 'const Local<Context> &' for 1st argument
  190 | class Local {
      |       ^~~~~
/Users/abdulrauf/Library/Caches/node-gyp/20.16.0/include/node/v8-local-handle.h:190:7: note: candidate constructor (the implicit move constructor) not viable: no known conversion from 'Isolate *' to 'Local<Context> &&' for 1st argument
  190 | class Local {
      |       ^~~~~
/Users/abdulrauf/Library/Caches/node-gyp/20.16.0/include/node/v8-local-handle.h:195:13: note: candidate template ignored: could not match 'Local<S>' against 'Isolate *'
  195 |   V8_INLINE Local(Local<S> that) : val_(reinterpret_cast<T*>(*that)) {
      |             ^
/Users/abdulrauf/Library/Caches/node-gyp/20.16.0/include/node/v8-local-handle.h:331:22: note: explicit constructor is not a candidate
  331 |   explicit V8_INLINE Local(T* that) : val_(that) {}
      |                      ^
/Users/abdulrauf/Library/Caches/node-gyp/20.16.0/include/node/v8-value.h:371:22: note: passing argument to parameter 'context' here
  371 |       Local<Context> context) const;
      |                      ^
In file included from ../src/bufferutil.cc:17:
../../nan/nan.h:1064:29: error: no viable conversion from 'MaybeLocal<String>' to 'v8::Local<v8::String>'
 1064 |       v8::Local<v8::String> string = from->ToString(v8::Isolate::GetCurrent());
      |                             ^        ~~~~~~~~~~~~~~~~~~~~~~~~~~~~~~~~~~~~~~~~~
/Users/abdulrauf/Library/Caches/node-gyp/20.16.0/include/node/v8-local-handle.h:190:7: note: candidate constructor (the implicit copy constructor) not viable: no known conversion from 'MaybeLocal<String>' to 'const Local<String> &' for 1st argument
  190 | class Local {
      |       ^~~~~
/Users/abdulrauf/Library/Caches/node-gyp/20.16.0/include/node/v8-local-handle.h:190:7: note: candidate constructor (the implicit move constructor) not viable: no known conversion from 'MaybeLocal<String>' to 'Local<String> &&' for 1st argument
  190 | class Local {
      |       ^~~~~
/Users/abdulrauf/Library/Caches/node-gyp/20.16.0/include/node/v8-local-handle.h:195:13: note: candidate template ignored: could not match 'Local' against 'MaybeLocal'
  195 |   V8_INLINE Local(Local<S> that) : val_(reinterpret_cast<T*>(*that)) {
      |             ^
/Users/abdulrauf/Library/Caches/node-gyp/20.16.0/include/node/v8-local-handle.h:331:22: note: explicit constructor is not a candidate
  331 |   explicit V8_INLINE Local(T* that) : val_(that) {}
      |                      ^
In file included from ../src/bufferutil.cc:17:
../../nan/nan.h:1855:28: error: no matching member function for call to 'Set'
 1855 |     New(persistentHandle)->Set(New(key).ToLocalChecked(), value);
      |     ~~~~~~~~~~~~~~~~~~~~~~~^~~
/Users/abdulrauf/Library/Caches/node-gyp/20.16.0/include/node/v8-object.h:246:37: note: candidate function not viable: requires 3 arguments, but 2 were provided
  246 |   V8_WARN_UNUSED_RESULT Maybe<bool> Set(Local<Context> context,
      |                                     ^   ~~~~~~~~~~~~~~~~~~~~~~~
  247 |                                         Local<Value> key, Local<Value> value);
      |                                         ~~~~~~~~~~~~~~~~~~~~~~~~~~~~~~~~~~~~
/Users/abdulrauf/Library/Caches/node-gyp/20.16.0/include/node/v8-object.h:249:37: note: candidate function not viable: requires 3 arguments, but 2 were provided
  249 |   V8_WARN_UNUSED_RESULT Maybe<bool> Set(Local<Context> context, uint32_t index,
      |                                     ^   ~~~~~~~~~~~~~~~~~~~~~~~~~~~~~~~~~~~~~~~
  250 |                                         Local<Value> value);
      |                                         ~~~~~~~~~~~~~~~~~~
In file included from ../src/bufferutil.cc:17:
../../nan/nan.h:1861:28: error: no matching member function for call to 'Set'
 1861 |     New(persistentHandle)->Set(key, value);
      |     ~~~~~~~~~~~~~~~~~~~~~~~^~~
/Users/abdulrauf/Library/Caches/node-gyp/20.16.0/include/node/v8-object.h:246:37: note: candidate function not viable: requires 3 arguments, but 2 were provided
  246 |   V8_WARN_UNUSED_RESULT Maybe<bool> Set(Local<Context> context,
      |                                     ^   ~~~~~~~~~~~~~~~~~~~~~~~
  247 |                                         Local<Value> key, Local<Value> value);
      |                                         ~~~~~~~~~~~~~~~~~~~~~~~~~~~~~~~~~~~~
/Users/abdulrauf/Library/Caches/node-gyp/20.16.0/include/node/v8-object.h:249:37: note: candidate function not viable: requires 3 arguments, but 2 were provided
  249 |   V8_WARN_UNUSED_RESULT Maybe<bool> Set(Local<Context> context, uint32_t index,
      |                                     ^   ~~~~~~~~~~~~~~~~~~~~~~~~~~~~~~~~~~~~~~~
  250 |                                         Local<Value> value);
      |                                         ~~~~~~~~~~~~~~~~~~
In file included from ../src/bufferutil.cc:17:
../../nan/nan.h:1867:28: error: no matching member function for call to 'Set'
 1867 |     New(persistentHandle)->Set(index, value);
      |     ~~~~~~~~~~~~~~~~~~~~~~~^~~
/Users/abdulrauf/Library/Caches/node-gyp/20.16.0/include/node/v8-object.h:246:37: note: candidate function not viable: requires 3 arguments, but 2 were provided
  246 |   V8_WARN_UNUSED_RESULT Maybe<bool> Set(Local<Context> context,
      |                                     ^   ~~~~~~~~~~~~~~~~~~~~~~~
  247 |                                         Local<Value> key, Local<Value> value);
      |                                         ~~~~~~~~~~~~~~~~~~~~~~~~~~~~~~~~~~~~
/Users/abdulrauf/Library/Caches/node-gyp/20.16.0/include/node/v8-object.h:249:37: note: candidate function not viable: requires 3 arguments, but 2 were provided
  249 |   V8_WARN_UNUSED_RESULT Maybe<bool> Set(Local<Context> context, uint32_t index,
      |                                     ^   ~~~~~~~~~~~~~~~~~~~~~~~~~~~~~~~~~~~~~~~
  250 |                                         Local<Value> value);
      |                                         ~~~~~~~~~~~~~~~~~~
In file included from ../src/bufferutil.cc:17:
../../nan/nan.h:1873:32: error: no matching member function for call to 'Get'
 1873 |         New(persistentHandle)->Get(New(key).ToLocalChecked()));
      |         ~~~~~~~~~~~~~~~~~~~~~~~^~~
/Users/abdulrauf/Library/Caches/node-gyp/20.16.0/include/node/v8-object.h:292:43: note: candidate function not viable: requires 2 arguments, but 1 was provided
  292 |   V8_WARN_UNUSED_RESULT MaybeLocal<Value> Get(Local<Context> context,
      |                                           ^   ~~~~~~~~~~~~~~~~~~~~~~~
  293 |                                               Local<Value> key);
      |                                               ~~~~~~~~~~~~~~~~
/Users/abdulrauf/Library/Caches/node-gyp/20.16.0/include/node/v8-object.h:295:43: note: candidate function not viable: requires 2 arguments, but 1 was provided
  295 |   V8_WARN_UNUSED_RESULT MaybeLocal<Value> Get(Local<Context> context,
      |                                           ^   ~~~~~~~~~~~~~~~~~~~~~~~
  296 |                                               uint32_t index);
      |                                               ~~~~~~~~~~~~~~
In file included from ../src/bufferutil.cc:17:
../../nan/nan.h:1879:48: error: no matching member function for call to 'Get'
 1879 |     return scope.Escape(New(persistentHandle)->Get(key));
      |                         ~~~~~~~~~~~~~~~~~~~~~~~^~~
/Users/abdulrauf/Library/Caches/node-gyp/20.16.0/include/node/v8-object.h:292:43: note: candidate function not viable: requires 2 arguments, but 1 was provided
  292 |   V8_WARN_UNUSED_RESULT MaybeLocal<Value> Get(Local<Context> context,
      |                                           ^   ~~~~~~~~~~~~~~~~~~~~~~~
  293 |                                               Local<Value> key);
      |                                               ~~~~~~~~~~~~~~~~
/Users/abdulrauf/Library/Caches/node-gyp/20.16.0/include/node/v8-object.h:295:43: note: candidate function not viable: requires 2 arguments, but 1 was provided
  295 |   V8_WARN_UNUSED_RESULT MaybeLocal<Value> Get(Local<Context> context,
      |                                           ^   ~~~~~~~~~~~~~~~~~~~~~~~
  296 |                                               uint32_t index);
      |                                               ~~~~~~~~~~~~~~
In file included from ../src/bufferutil.cc:17:
../../nan/nan.h:1884:48: error: no matching member function for call to 'Get'
 1884 |     return scope.Escape(New(persistentHandle)->Get(index));
      |                         ~~~~~~~~~~~~~~~~~~~~~~~^~~
/Users/abdulrauf/Library/Caches/node-gyp/20.16.0/include/node/v8-object.h:292:43: note: candidate function not viable: requires 2 arguments, but 1 was provided
  292 |   V8_WARN_UNUSED_RESULT MaybeLocal<Value> Get(Local<Context> context,
      |                                           ^   ~~~~~~~~~~~~~~~~~~~~~~~
  293 |                                               Local<Value> key);
      |                                               ~~~~~~~~~~~~~~~~
/Users/abdulrauf/Library/Caches/node-gyp/20.16.0/include/node/v8-object.h:295:43: note: candidate function not viable: requires 2 arguments, but 1 was provided
  295 |   V8_WARN_UNUSED_RESULT MaybeLocal<Value> Get(Local<Context> context,
      |                                           ^   ~~~~~~~~~~~~~~~~~~~~~~~
  296 |                                               uint32_t index);
      |                                               ~~~~~~~~~~~~~~
In file included from ../src/bufferutil.cc:17:
../../nan/nan.h:2446:8: error: no matching member function for call to 'SetAccessor'
 2446 |   tpl->SetAccessor(
      |   ~~~~~^~~~~~~~~~~
/Users/abdulrauf/Library/Caches/node-gyp/20.16.0/include/node/v8-template.h:816:8: note: candidate function not viable: no known conversion from 'imp::Sig' (aka 'int') to 'SideEffectType' for 7th argument
  816 |   void SetAccessor(
      |        ^
  817 |       Local<Name> name, AccessorNameGetterCallback getter,
  818 |       AccessorNameSetterCallback setter = nullptr,
  819 |       Local<Value> data = Local<Value>(), AccessControl settings = DEFAULT,
  820 |       PropertyAttribute attribute = None,
  821 |       SideEffectType getter_side_effect_type = SideEffectType::kHasSideEffect,
      |       ~~~~~~~~~~~~~~~~~~~~~~~~~~~~~~~~~~~~~~~~~~~~~~~~~~~~~~~~~~~~~~~~~~~~~~~
/Users/abdulrauf/Library/Caches/node-gyp/20.16.0/include/node/v8-template.h:809:8: note: candidate function not viable: no known conversion from 'imp::NativeGetter' (aka 'void (*)(v8::Local<v8::Name>, const v8::PropertyCallbackInfo<v8::Value> &)') to 'AccessorGetterCallback' (aka 'void (*)(Local<String>, const PropertyCallbackInfo<Value> &)') for 2nd argument
  809 |   void SetAccessor(
      |        ^
  810 |       Local<String> name, AccessorGetterCallback getter,
      |                           ~~~~~~~~~~~~~~~~~~~~~~~~~~~~~
In file included from ../src/bufferutil.cc:17:
In file included from ../../nan/nan.h:2698:
../../nan/nan_object_wrap.h:24:25: error: no member named 'IsNearDeath' in 'Nan::Persistent<v8::Object>'
   24 |     assert(persistent().IsNearDeath());
      |            ~~~~~~~~~~~~ ^
/Library/Developer/CommandLineTools/SDKs/MacOSX.sdk/usr/include/assert.h:75:25: note: expanded from macro 'assert'
   75 |     (__builtin_expect(!(e), 0) ? __assert_rtn(__func__, __ASSERT_FILE_NAME, __LINE__, #e) : (void)0)
      |                         ^
In file included from ../src/bufferutil.cc:17:
In file included from ../../nan/nan.h:2698:
../../nan/nan_object_wrap.h:67:18: error: no member named 'MarkIndependent' in 'Nan::Persistent<v8::Object>'
   67 |     persistent().MarkIndependent();
      |     ~~~~~~~~~~~~ ^
../../nan/nan_object_wrap.h:124:26: error: no member named 'IsNearDeath' in 'Nan::Persistent<v8::Object>'
  124 |     assert(wrap->handle_.IsNearDeath());
      |            ~~~~~~~~~~~~~ ^
/Library/Developer/CommandLineTools/SDKs/MacOSX.sdk/usr/include/assert.h:75:25: note: expanded from macro 'assert'
   75 |     (__builtin_expect(!(e), 0) ? __assert_rtn(__func__, __ASSERT_FILE_NAME, __LINE__, #e) : (void)0)
      |                         ^
In file included from ../src/bufferutil.cc:17:
In file included from ../../nan/nan.h:2794:
../../nan/nan_typedarray_contents.h:34:43: error: no member named 'GetContents' in 'v8::ArrayBuffer'
   34 |       data   = static_cast<char*>(buffer->GetContents().Data()) + byte_offset;
      |                                   ~~~~~~~~^
fatal error: too many errors emitted, stopping now [-ferror-limit=]
20 errors generated.
make: *** [Release/obj.target/bufferutil/src/bufferutil.o] Error 1
gyp ERR! build error 
gyp ERR! stack Error: `make` failed with exit code: 2
gyp ERR! stack at ChildProcess.<anonymous> (/Users/abdulrauf/.nvm/versions/node/v20.16.0/lib/node_modules/npm/node_modules/node-gyp/lib/build.js:216:23)
gyp ERR! System Darwin 24.1.0
gyp ERR! command "/Users/abdulrauf/.nvm/versions/node/v20.16.0/bin/node" "/Users/abdulrauf/.nvm/versions/node/v20.16.0/lib/node_modules/npm/node_modules/node-gyp/bin/node-gyp.js" "rebuild"
gyp ERR! cwd /Users/abdulrauf/JSLess/Servers/Mal-Server/node_modules/websocket
gyp ERR! node -v v20.16.0
gyp ERR! node-gyp -v v10.2.0
gyp ERR! not ok 
